2013-04-12 17:48:07,964 ERROR [main] - org.scala-ide.sdt.core - org.scala-ide.sdt.core - org.scala-ide.sdt.core - 0 - Error during askOption
scala.reflect.internal.FatalError: Unknown type: <error>, <error> [class scala.reflect.internal.Types$ErrorType$, class scala.reflect.internal.Types$ErrorType$] TypeRef? false
	at scala.reflect.internal.SymbolTable.abort(SymbolTable.scala:48)
	at scala.tools.nsc.Global.abort(Global.scala:253)
	at scala.tools.nsc.backend.icode.TypeKinds$class.toTypeKind(TypeKinds.scala:397)
	at scala.tools.nsc.backend.icode.ICodes.toTypeKind(ICodes.scala:20)
	at scala.tools.nsc.backend.icode.TypeKinds$class.scala$tools$nsc$backend$icode$TypeKinds$$arrayOrClassType(TypeKinds.scala:406)
	at scala.tools.nsc.backend.icode.TypeKinds$$anonfun$primitiveOrClassType$1.apply(TypeKinds.scala:433)
	at scala.tools.nsc.backend.icode.TypeKinds$$anonfun$primitiveOrClassType$1.apply(TypeKinds.scala:433)
	at scala.collection.MapLike$class.getOrElse(MapLike.scala:128)
	at scala.collection.AbstractMap.getOrElse(Map.scala:58)
	at scala.tools.nsc.backend.icode.TypeKinds$class.primitiveOrClassType(TypeKinds.scala:433)
	at scala.tools.nsc.backend.icode.TypeKinds$class.toTypeKind(TypeKinds.scala:383)
	at scala.tools.nsc.backend.icode.ICodes.toTypeKind(ICodes.scala:20)
	at scala.tools.nsc.backend.jvm.GenJVMUtil$BytecodeUtil$class.javaType(GenJVMUtil.scala:100)
	at scala.tools.eclipse.JVMUtils$$anon$1.javaType(JVMUtils.scala:15)
	at scala.tools.eclipse.JVMUtils$class.javaType(JVMUtils.scala:38)
	at scala.tools.eclipse.ScalaPresentationCompiler.javaType(ScalaPresentationCompiler.scala:35)
	at scala.tools.eclipse.javaelements.ScalaJavaMapper$class.mapParamTypeSignature(ScalaJavaMapper.scala:231)
	at scala.tools.eclipse.ScalaPresentationCompiler.mapParamTypeSignature(ScalaPresentationCompiler.scala:35)
	at scala.tools.eclipse.javaelements.ScalaStructureBuilder$StructureBuilderTraverser$DefOwner$$anonfun$13.apply(ScalaStructureBuilder.scala:673)
	at scala.tools.eclipse.javaelements.ScalaStructureBuilder$StructureBuilderTraverser$DefOwner$$anonfun$13.apply(ScalaStructureBuilder.scala:673)
	at scala.collection.TraversableLike$$anonfun$map$1.apply(TraversableLike.scala:244)
	at scala.collection.TraversableLike$$anonfun$map$1.apply(TraversableLike.scala:244)
	at scala.collection.immutable.List.foreach(List.scala:309)
	at scala.collection.TraversableLike$class.map(TraversableLike.scala:244)
	at scala.collection.AbstractTraversable.map(Traversable.scala:105)
	at scala.tools.eclipse.javaelements.ScalaStructureBuilder$StructureBuilderTraverser$DefOwner$class.addDef(ScalaStructureBuilder.scala:673)
	at scala.tools.eclipse.javaelements.ScalaStructureBuilder$StructureBuilderTraverser$Builder.addDef(ScalaStructureBuilder.scala:871)
	at scala.tools.eclipse.javaelements.ScalaStructureBuilder$StructureBuilderTraverser$DefOwner$class.addDef(ScalaStructureBuilder.scala:658)
	at scala.tools.eclipse.javaelements.ScalaStructureBuilder$StructureBuilderTraverser$Builder.addDef(ScalaStructureBuilder.scala:871)
	at scala.tools.eclipse.javaelements.ScalaStructureBuilder$StructureBuilderTraverser$TreeTraverser.traverse(ScalaStructureBuilder.scala:943)
	at scala.tools.eclipse.javaelements.ScalaStructureBuilder$StructureBuilderTraverser$TreeTraverser$$anonfun$traverse$1.apply(ScalaStructureBuilder.scala:950)
	at scala.tools.eclipse.javaelements.ScalaStructureBuilder$StructureBuilderTraverser$TreeTraverser$$anonfun$traverse$1.apply(ScalaStructureBuilder.scala:950)
	at scala.collection.immutable.List.foreach(List.scala:309)
	at scala.tools.eclipse.javaelements.ScalaStructureBuilder$StructureBuilderTraverser$TreeTraverser.traverse(ScalaStructureBuilder.scala:950)
	at scala.tools.eclipse.javaelements.ScalaStructureBuilder$StructureBuilderTraverser$TreeTraverser$$anonfun$traverse$1.apply(ScalaStructureBuilder.scala:950)
	at scala.tools.eclipse.javaelements.ScalaStructureBuilder$StructureBuilderTraverser$TreeTraverser$$anonfun$traverse$1.apply(ScalaStructureBuilder.scala:950)
	at scala.collection.immutable.List.foreach(List.scala:309)
	at scala.tools.eclipse.javaelements.ScalaStructureBuilder$StructureBuilderTraverser$TreeTraverser.traverse(ScalaStructureBuilder.scala:950)
	at scala.tools.eclipse.javaelements.ScalaStructureBuilder$StructureBuilderTraverser$TreeTraverser$$anonfun$traverse$1.apply(ScalaStructureBuilder.scala:950)
	at scala.tools.eclipse.javaelements.ScalaStructureBuilder$StructureBuilderTraverser$TreeTraverser$$anonfun$traverse$1.apply(ScalaStructureBuilder.scala:950)
	at scala.collection.immutable.List.foreach(List.scala:309)
	at scala.tools.eclipse.javaelements.ScalaStructureBuilder$StructureBuilderTraverser$TreeTraverser.traverse(ScalaStructureBuilder.scala:950)
	at scala.tools.eclipse.javaelements.ScalaStructureBuilder$StructureBuilderTraverser.traverse(ScalaStructureBuilder.scala:903)
	at scala.tools.eclipse.javaelements.ScalaCompilationUnit$$anonfun$buildStructure$2$$anonfun$apply$5$$anonfun$apply$1.apply$mcV$sp(ScalaCompilationUnit.scala:74)
	at scala.tools.eclipse.javaelements.ScalaCompilationUnit$$anonfun$buildStructure$2$$anonfun$apply$5$$anonfun$apply$1.apply(ScalaCompilationUnit.scala:73)
	at scala.tools.eclipse.javaelements.ScalaCompilationUnit$$anonfun$buildStructure$2$$anonfun$apply$5$$anonfun$apply$1.apply(ScalaCompilationUnit.scala:73)
	at scala.tools.nsc.util.InterruptReq.execute(InterruptReq.scala:26)
	at scala.tools.nsc.interactive.Global.pollForWork(Global.scala:331)
	at scala.tools.nsc.interactive.PresentationCompilerThread.run(PresentationCompilerThread.scala:22)
2013-04-12 18:06:35,515 ERROR [main] - org.scala-ide.sdt.core - org.scala-ide.sdt.core - org.scala-ide.sdt.core - 0 - Error during askOption
scala.reflect.internal.MissingRequirementError: class int in compiler mirror not found.
	at scala.reflect.internal.MissingRequirementError$.signal(MissingRequirementError.scala:16)
	at scala.reflect.internal.MissingRequirementError$.notFound(MissingRequirementError.scala:17)
	at scala.reflect.internal.Mirrors$RootsBase.getModuleOrClass(Mirrors.scala:48)
	at scala.reflect.internal.Mirrors$RootsBase.getModuleOrClass(Mirrors.scala:61)
	at scala.reflect.internal.Mirrors$RootsBase.getClassByName(Mirrors.scala:99)
	at scala.reflect.internal.Definitions$DefinitionsClass.getClass(Definitions.scala:1004)
	at scala.tools.eclipse.completion.ScalaJavaCompletionProposalComputer$$anonfun$1$$anonfun$apply$1.apply(ScalaJavaCompletionProposalComputer.scala:123)
	at scala.tools.eclipse.completion.ScalaJavaCompletionProposalComputer$$anonfun$1$$anonfun$apply$1.apply(ScalaJavaCompletionProposalComputer.scala:122)
	at scala.tools.nsc.util.InterruptReq.execute(InterruptReq.scala:26)
	at scala.tools.nsc.interactive.Global.pollForWork(Global.scala:331)
	at scala.tools.nsc.interactive.PresentationCompilerThread.run(PresentationCompilerThread.scala:22)
2013-04-12 18:12:51,246 ERROR [main] - org.scala-ide.sdt.core - org.scala-ide.sdt.core - org.scala-ide.sdt.core - 0 - Error during askOption
scala.reflect.internal.MissingRequirementError: class Solver in compiler mirror not found.
	at scala.reflect.internal.MissingRequirementError$.signal(MissingRequirementError.scala:16)
	at scala.reflect.internal.MissingRequirementError$.notFound(MissingRequirementError.scala:17)
	at scala.reflect.internal.Mirrors$RootsBase.getModuleOrClass(Mirrors.scala:48)
	at scala.reflect.internal.Mirrors$RootsBase.getModuleOrClass(Mirrors.scala:61)
	at scala.reflect.internal.Mirrors$RootsBase.getClassByName(Mirrors.scala:99)
	at scala.reflect.internal.Definitions$DefinitionsClass.getClass(Definitions.scala:1004)
	at scala.tools.eclipse.completion.ScalaJavaCompletionProposalComputer$$anonfun$1$$anonfun$apply$1.apply(ScalaJavaCompletionProposalComputer.scala:123)
	at scala.tools.eclipse.completion.ScalaJavaCompletionProposalComputer$$anonfun$1$$anonfun$apply$1.apply(ScalaJavaCompletionProposalComputer.scala:122)
	at scala.tools.nsc.util.InterruptReq.execute(InterruptReq.scala:26)
	at scala.tools.nsc.interactive.Global.pollForWork(Global.scala:331)
	at scala.tools.nsc.interactive.PresentationCompilerThread.run(PresentationCompilerThread.scala:22)
2013-04-12 21:52:25,049 ERROR [main] - org.scala-ide.sdt.core - org.scala-ide.sdt.core - org.scala-ide.sdt.core - 0 - Error during askOption
scala.reflect.internal.MissingRequirementError: class Game in compiler mirror not found.
	at scala.reflect.internal.MissingRequirementError$.signal(MissingRequirementError.scala:16)
	at scala.reflect.internal.MissingRequirementError$.notFound(MissingRequirementError.scala:17)
	at scala.reflect.internal.Mirrors$RootsBase.getModuleOrClass(Mirrors.scala:48)
	at scala.reflect.internal.Mirrors$RootsBase.getModuleOrClass(Mirrors.scala:61)
	at scala.reflect.internal.Mirrors$RootsBase.getClassByName(Mirrors.scala:99)
	at scala.reflect.internal.Definitions$DefinitionsClass.getClass(Definitions.scala:1004)
	at scala.tools.eclipse.completion.ScalaJavaCompletionProposalComputer$$anonfun$1$$anonfun$apply$1.apply(ScalaJavaCompletionProposalComputer.scala:123)
	at scala.tools.eclipse.completion.ScalaJavaCompletionProposalComputer$$anonfun$1$$anonfun$apply$1.apply(ScalaJavaCompletionProposalComputer.scala:122)
	at scala.tools.nsc.util.InterruptReq.execute(InterruptReq.scala:26)
	at scala.tools.nsc.interactive.Global.pollForWork(Global.scala:331)
	at scala.tools.nsc.interactive.PresentationCompilerThread.run(PresentationCompilerThread.scala:22)
2013-04-12 23:02:04,900 ERROR [main] - org.scala-ide.sdt.core - org.scala-ide.sdt.core - org.scala-ide.sdt.core - 0 - Error during askOption
scala.reflect.internal.MissingRequirementError: class Solver in compiler mirror not found.
	at scala.reflect.internal.MissingRequirementError$.signal(MissingRequirementError.scala:16)
	at scala.reflect.internal.MissingRequirementError$.notFound(MissingRequirementError.scala:17)
	at scala.reflect.internal.Mirrors$RootsBase.getModuleOrClass(Mirrors.scala:48)
	at scala.reflect.internal.Mirrors$RootsBase.getModuleOrClass(Mirrors.scala:61)
	at scala.reflect.internal.Mirrors$RootsBase.getClassByName(Mirrors.scala:99)
	at scala.reflect.internal.Definitions$DefinitionsClass.getClass(Definitions.scala:1004)
	at scala.tools.eclipse.completion.ScalaJavaCompletionProposalComputer$$anonfun$1$$anonfun$apply$1.apply(ScalaJavaCompletionProposalComputer.scala:123)
	at scala.tools.eclipse.completion.ScalaJavaCompletionProposalComputer$$anonfun$1$$anonfun$apply$1.apply(ScalaJavaCompletionProposalComputer.scala:122)
	at scala.tools.nsc.util.InterruptReq.execute(InterruptReq.scala:26)
	at scala.tools.nsc.interactive.Global.pollForWork(Global.scala:331)
	at scala.tools.nsc.interactive.PresentationCompilerThread.run(PresentationCompilerThread.scala:22)
2013-04-12 23:02:56,621 ERROR [main] - org.scala-ide.sdt.core - org.scala-ide.sdt.core - org.scala-ide.sdt.core - 0 - Error in Scala compiler
java.lang.NoClassDefFoundError: IOException
	at java.lang.Class.getDeclaredMethods0(Native Method)
	at java.lang.Class.privateGetDeclaredMethods(Class.java:2436)
	at java.lang.Class.getDeclaredMethods(Class.java:1793)
	at sbt.ClassToAPI$.structure(ClassToAPI.scala:60)
	at sbt.ClassToAPI$.x$1$lzycompute$1(ClassToAPI.scala:50)
	at sbt.ClassToAPI$.x$1$1(ClassToAPI.scala:50)
	at sbt.ClassToAPI$.instance$lzycompute$1(ClassToAPI.scala:50)
	at sbt.ClassToAPI$.sbt$ClassToAPI$$instance$1(ClassToAPI.scala:50)
	at sbt.ClassToAPI$$anonfun$5.apply(ClassToAPI.scala:51)
	at sbt.ClassToAPI$$anonfun$5.apply(ClassToAPI.scala:51)
	at xsbti.SafeLazy$Impl._t$lzycompute(SafeLazy.scala:20)
	at xsbti.SafeLazy$Impl._t(SafeLazy.scala:18)
	at xsbti.SafeLazy$Impl.get(SafeLazy.scala:24)
	at xsbti.api.ClassLike.structure(ClassLike.java:29)
	at xsbt.api.Visit.visitClass0(Visit.scala:47)
	at xsbt.api.Visit.visitClass(Visit.scala:42)
	at xsbt.api.Visit.visitDefinition(Visit.scala:35)
	at xsbt.api.Visit$$anonfun$visitAPI$2.apply(Visit.scala:18)
	at xsbt.api.Visit$$anonfun$visitAPI$2.apply(Visit.scala:18)
	at scala.collection.IndexedSeqOptimized$class.foreach(IndexedSeqOptimized.scala:33)
	at scala.collection.mutable.ArrayOps$ofRef.foreach(ArrayOps.scala:105)
	at xsbt.api.Visit.visitAPI(Visit.scala:18)
	at xsbt.api.APIUtil$.hasMacro(APIUtil.scala:22)
	at sbt.inc.AnalysisCallback.api(Compile.scala:125)
	at sbt.compiler.AggressiveCompile$$anonfun$3.sbt$compiler$AggressiveCompile$$anonfun$$readAPI$1(AggressiveCompile.scala:103)
	at sbt.compiler.AggressiveCompile$$anonfun$3$$anonfun$compileJava$1$2$$anonfun$apply$mcV$sp$1$$anonfun$apply$6.apply(AggressiveCompile.scala:108)
	at sbt.compiler.AggressiveCompile$$anonfun$3$$anonfun$compileJava$1$2$$anonfun$apply$mcV$sp$1$$anonfun$apply$6.apply(AggressiveCompile.scala:108)
	at sbt.classfile.Analyze$$anonfun$apply$8.apply(Analyze.scala:67)
	at sbt.classfile.Analyze$$anonfun$apply$8.apply(Analyze.scala:43)
	at scala.collection.mutable.HashMap$$anonfun$foreach$1.apply(HashMap.scala:98)
	at scala.collection.mutable.HashMap$$anonfun$foreach$1.apply(HashMap.scala:98)
	at scala.collection.mutable.HashTable$class.foreachEntry(HashTable.scala:226)
	at scala.collection.mutable.HashMap.foreachEntry(HashMap.scala:39)
	at scala.collection.mutable.HashMap.foreach(HashMap.scala:98)
	at sbt.classfile.Analyze$.apply(Analyze.scala:43)
	at sbt.compiler.AggressiveCompile$$anonfun$3$$anonfun$compileJava$1$2$$anonfun$apply$mcV$sp$1.apply(AggressiveCompile.scala:108)
	at sbt.compiler.AggressiveCompile$$anonfun$3$$anonfun$compileJava$1$2$$anonfun$apply$mcV$sp$1.apply(AggressiveCompile.scala:106)
	at scala.collection.immutable.List.foreach(List.scala:309)
	at sbt.compiler.AggressiveCompile$$anonfun$3$$anonfun$compileJava$1$2.apply$mcV$sp(AggressiveCompile.scala:106)
	at sbt.compiler.AggressiveCompile$$anonfun$3$$anonfun$compileJava$1$2.apply(AggressiveCompile.scala:106)
	at sbt.compiler.AggressiveCompile$$anonfun$3$$anonfun$compileJava$1$2.apply(AggressiveCompile.scala:106)
	at sbt.compiler.AggressiveCompile.sbt$compiler$AggressiveCompile$$timed(AggressiveCompile.scala:129)
	at sbt.compiler.AggressiveCompile$$anonfun$3.compileJava$1(AggressiveCompile.scala:105)
	at sbt.compiler.AggressiveCompile$$anonfun$3.apply(AggressiveCompile.scala:112)
	at sbt.compiler.AggressiveCompile$$anonfun$3.apply(AggressiveCompile.scala:60)
	at sbt.inc.IncrementalCompile$$anonfun$doCompile$1.apply(Compile.scala:24)
	at sbt.inc.IncrementalCompile$$anonfun$doCompile$1.apply(Compile.scala:22)
	at sbt.inc.Incremental$.cycle(Incremental.scala:45)
	at sbt.inc.Incremental$.compile(Incremental.scala:29)
	at sbt.inc.IncrementalCompile$.apply(Compile.scala:20)
	at sbt.compiler.AggressiveCompile.compile2(AggressiveCompile.scala:120)
	at sbt.compiler.AggressiveCompile.compile1(AggressiveCompile.scala:44)
	at sbt.compiler.AggressiveCompile.apply(AggressiveCompile.scala:31)
	at sbt.compiler.IC$.compile(IncrementalCompiler.scala:20)
	at scala.tools.eclipse.buildmanager.sbtintegration.EclipseSbtBuildManager.runCompiler(EclipseSbtBuildManager.scala:129)
	at scala.tools.eclipse.buildmanager.sbtintegration.EclipseSbtBuildManager.update(EclipseSbtBuildManager.scala:119)
	at scala.tools.eclipse.buildmanager.sbtintegration.EclipseSbtBuildManager.build(EclipseSbtBuildManager.scala:174)
	at scala.tools.eclipse.ScalaProject.build(ScalaProject.scala:608)
	at scala.tools.eclipse.ScalaBuilder.build(ScalaBuilder.scala:114)
	at org.eclipse.core.internal.events.BuildManager$2.run(BuildManager.java:728)
	at org.eclipse.core.runtime.SafeRunner.run(SafeRunner.java:42)
	at org.eclipse.core.internal.events.BuildManager.basicBuild(BuildManager.java:199)
	at org.eclipse.core.internal.events.BuildManager.basicBuild(BuildManager.java:239)
	at org.eclipse.core.internal.events.BuildManager$1.run(BuildManager.java:292)
	at org.eclipse.core.runtime.SafeRunner.run(SafeRunner.java:42)
	at org.eclipse.core.internal.events.BuildManager.basicBuild(BuildManager.java:295)
	at org.eclipse.core.internal.events.BuildManager.basicBuildLoop(BuildManager.java:351)
	at org.eclipse.core.internal.events.BuildManager.build(BuildManager.java:374)
	at org.eclipse.core.internal.events.AutoBuildJob.doBuild(AutoBuildJob.java:143)
	at org.eclipse.core.internal.events.AutoBuildJob.run(AutoBuildJob.java:241)
	at org.eclipse.core.internal.jobs.Worker.run(Worker.java:53)
Caused by: java.lang.ClassNotFoundException: IOException
	at java.net.URLClassLoader$1.run(URLClassLoader.java:202)
	at java.security.AccessController.doPrivileged(Native Method)
	at java.net.URLClassLoader.findClass(URLClassLoader.java:190)
	at java.lang.ClassLoader.loadClass(ClassLoader.java:306)
	at java.lang.ClassLoader.loadClass(ClassLoader.java:247)
	... 71 more
2013-04-12 23:03:09,689 ERROR [main] - org.scala-ide.sdt.core - org.scala-ide.sdt.core - org.scala-ide.sdt.core - 0 - Error in Scala compiler
java.lang.NoClassDefFoundError: IOException
	at java.lang.Class.getDeclaredMethods0(Native Method)
	at java.lang.Class.privateGetDeclaredMethods(Class.java:2436)
	at java.lang.Class.privateGetPublicMethods(Class.java:2556)
	at java.lang.Class.getMethods(Class.java:1412)
	at sbt.ClassToAPI$.structure(ClassToAPI.scala:60)
	at sbt.ClassToAPI$.x$1$lzycompute$1(ClassToAPI.scala:50)
	at sbt.ClassToAPI$.x$1$1(ClassToAPI.scala:50)
	at sbt.ClassToAPI$.instance$lzycompute$1(ClassToAPI.scala:50)
	at sbt.ClassToAPI$.sbt$ClassToAPI$$instance$1(ClassToAPI.scala:50)
	at sbt.ClassToAPI$$anonfun$5.apply(ClassToAPI.scala:51)
	at sbt.ClassToAPI$$anonfun$5.apply(ClassToAPI.scala:51)
	at xsbti.SafeLazy$Impl._t$lzycompute(SafeLazy.scala:20)
	at xsbti.SafeLazy$Impl._t(SafeLazy.scala:18)
	at xsbti.SafeLazy$Impl.get(SafeLazy.scala:24)
	at xsbti.api.ClassLike.structure(ClassLike.java:29)
	at xsbt.api.Visit.visitClass0(Visit.scala:47)
	at xsbt.api.Visit.visitClass(Visit.scala:42)
	at xsbt.api.Visit.visitDefinition(Visit.scala:35)
	at xsbt.api.Visit$$anonfun$visitAPI$2.apply(Visit.scala:18)
	at xsbt.api.Visit$$anonfun$visitAPI$2.apply(Visit.scala:18)
	at scala.collection.IndexedSeqOptimized$class.foreach(IndexedSeqOptimized.scala:33)
	at scala.collection.mutable.ArrayOps$ofRef.foreach(ArrayOps.scala:105)
	at xsbt.api.Visit.visitAPI(Visit.scala:18)
	at xsbt.api.APIUtil$.hasMacro(APIUtil.scala:22)
	at sbt.inc.AnalysisCallback.api(Compile.scala:125)
	at sbt.compiler.AggressiveCompile$$anonfun$3.sbt$compiler$AggressiveCompile$$anonfun$$readAPI$1(AggressiveCompile.scala:103)
	at sbt.compiler.AggressiveCompile$$anonfun$3$$anonfun$compileJava$1$2$$anonfun$apply$mcV$sp$1$$anonfun$apply$6.apply(AggressiveCompile.scala:108)
	at sbt.compiler.AggressiveCompile$$anonfun$3$$anonfun$compileJava$1$2$$anonfun$apply$mcV$sp$1$$anonfun$apply$6.apply(AggressiveCompile.scala:108)
	at sbt.classfile.Analyze$$anonfun$apply$8.apply(Analyze.scala:67)
	at sbt.classfile.Analyze$$anonfun$apply$8.apply(Analyze.scala:43)
	at scala.collection.mutable.HashMap$$anonfun$foreach$1.apply(HashMap.scala:98)
	at scala.collection.mutable.HashMap$$anonfun$foreach$1.apply(HashMap.scala:98)
	at scala.collection.mutable.HashTable$class.foreachEntry(HashTable.scala:226)
	at scala.collection.mutable.HashMap.foreachEntry(HashMap.scala:39)
	at scala.collection.mutable.HashMap.foreach(HashMap.scala:98)
	at sbt.classfile.Analyze$.apply(Analyze.scala:43)
	at sbt.compiler.AggressiveCompile$$anonfun$3$$anonfun$compileJava$1$2$$anonfun$apply$mcV$sp$1.apply(AggressiveCompile.scala:108)
	at sbt.compiler.AggressiveCompile$$anonfun$3$$anonfun$compileJava$1$2$$anonfun$apply$mcV$sp$1.apply(AggressiveCompile.scala:106)
	at scala.collection.immutable.List.foreach(List.scala:309)
	at sbt.compiler.AggressiveCompile$$anonfun$3$$anonfun$compileJava$1$2.apply$mcV$sp(AggressiveCompile.scala:106)
	at sbt.compiler.AggressiveCompile$$anonfun$3$$anonfun$compileJava$1$2.apply(AggressiveCompile.scala:106)
	at sbt.compiler.AggressiveCompile$$anonfun$3$$anonfun$compileJava$1$2.apply(AggressiveCompile.scala:106)
	at sbt.compiler.AggressiveCompile.sbt$compiler$AggressiveCompile$$timed(AggressiveCompile.scala:129)
	at sbt.compiler.AggressiveCompile$$anonfun$3.compileJava$1(AggressiveCompile.scala:105)
	at sbt.compiler.AggressiveCompile$$anonfun$3.apply(AggressiveCompile.scala:112)
	at sbt.compiler.AggressiveCompile$$anonfun$3.apply(AggressiveCompile.scala:60)
	at sbt.inc.IncrementalCompile$$anonfun$doCompile$1.apply(Compile.scala:24)
	at sbt.inc.IncrementalCompile$$anonfun$doCompile$1.apply(Compile.scala:22)
	at sbt.inc.Incremental$.cycle(Incremental.scala:45)
	at sbt.inc.Incremental$.compile(Incremental.scala:29)
	at sbt.inc.IncrementalCompile$.apply(Compile.scala:20)
	at sbt.compiler.AggressiveCompile.compile2(AggressiveCompile.scala:120)
	at sbt.compiler.AggressiveCompile.compile1(AggressiveCompile.scala:44)
	at sbt.compiler.AggressiveCompile.apply(AggressiveCompile.scala:31)
	at sbt.compiler.IC$.compile(IncrementalCompiler.scala:20)
	at scala.tools.eclipse.buildmanager.sbtintegration.EclipseSbtBuildManager.runCompiler(EclipseSbtBuildManager.scala:129)
	at scala.tools.eclipse.buildmanager.sbtintegration.EclipseSbtBuildManager.update(EclipseSbtBuildManager.scala:119)
	at scala.tools.eclipse.buildmanager.sbtintegration.EclipseSbtBuildManager.build(EclipseSbtBuildManager.scala:174)
	at scala.tools.eclipse.ScalaProject.build(ScalaProject.scala:608)
	at scala.tools.eclipse.ScalaBuilder.build(ScalaBuilder.scala:114)
	at org.eclipse.core.internal.events.BuildManager$2.run(BuildManager.java:728)
	at org.eclipse.core.runtime.SafeRunner.run(SafeRunner.java:42)
	at org.eclipse.core.internal.events.BuildManager.basicBuild(BuildManager.java:199)
	at org.eclipse.core.internal.events.BuildManager.basicBuild(BuildManager.java:239)
	at org.eclipse.core.internal.events.BuildManager$1.run(BuildManager.java:292)
	at org.eclipse.core.runtime.SafeRunner.run(SafeRunner.java:42)
	at org.eclipse.core.internal.events.BuildManager.basicBuild(BuildManager.java:295)
	at org.eclipse.core.internal.events.BuildManager.basicBuildLoop(BuildManager.java:351)
	at org.eclipse.core.internal.events.BuildManager.build(BuildManager.java:374)
	at org.eclipse.core.internal.events.AutoBuildJob.doBuild(AutoBuildJob.java:143)
	at org.eclipse.core.internal.events.AutoBuildJob.run(AutoBuildJob.java:241)
	at org.eclipse.core.internal.jobs.Worker.run(Worker.java:53)
Caused by: java.lang.ClassNotFoundException: IOException
	at java.net.URLClassLoader$1.run(URLClassLoader.java:202)
	at java.security.AccessController.doPrivileged(Native Method)
	at java.net.URLClassLoader.findClass(URLClassLoader.java:190)
	at java.lang.ClassLoader.loadClass(ClassLoader.java:306)
	at java.lang.ClassLoader.loadClass(ClassLoader.java:247)
	... 72 more
2013-04-12 23:03:39,200 ERROR [main] - org.scala-ide.sdt.core - org.scala-ide.sdt.core - org.scala-ide.sdt.core - 0 - Error in Scala compiler
java.lang.NoClassDefFoundError: IOException
	at java.lang.Class.getDeclaredMethods0(Native Method)
	at java.lang.Class.privateGetDeclaredMethods(Class.java:2436)
	at java.lang.Class.getDeclaredMethods(Class.java:1793)
	at sbt.ClassToAPI$.structure(ClassToAPI.scala:60)
	at sbt.ClassToAPI$.x$1$lzycompute$1(ClassToAPI.scala:50)
	at sbt.ClassToAPI$.x$1$1(ClassToAPI.scala:50)
	at sbt.ClassToAPI$.instance$lzycompute$1(ClassToAPI.scala:50)
	at sbt.ClassToAPI$.sbt$ClassToAPI$$instance$1(ClassToAPI.scala:50)
	at sbt.ClassToAPI$$anonfun$5.apply(ClassToAPI.scala:51)
	at sbt.ClassToAPI$$anonfun$5.apply(ClassToAPI.scala:51)
	at xsbti.SafeLazy$Impl._t$lzycompute(SafeLazy.scala:20)
	at xsbti.SafeLazy$Impl._t(SafeLazy.scala:18)
	at xsbti.SafeLazy$Impl.get(SafeLazy.scala:24)
	at xsbti.api.ClassLike.structure(ClassLike.java:29)
	at xsbt.api.Visit.visitClass0(Visit.scala:47)
	at xsbt.api.Visit.visitClass(Visit.scala:42)
	at xsbt.api.Visit.visitDefinition(Visit.scala:35)
	at xsbt.api.Visit$$anonfun$visitAPI$2.apply(Visit.scala:18)
	at xsbt.api.Visit$$anonfun$visitAPI$2.apply(Visit.scala:18)
	at scala.collection.IndexedSeqOptimized$class.foreach(IndexedSeqOptimized.scala:33)
	at scala.collection.mutable.ArrayOps$ofRef.foreach(ArrayOps.scala:105)
	at xsbt.api.Visit.visitAPI(Visit.scala:18)
	at xsbt.api.APIUtil$.hasMacro(APIUtil.scala:22)
	at sbt.inc.AnalysisCallback.api(Compile.scala:125)
	at sbt.compiler.AggressiveCompile$$anonfun$3.sbt$compiler$AggressiveCompile$$anonfun$$readAPI$1(AggressiveCompile.scala:103)
	at sbt.compiler.AggressiveCompile$$anonfun$3$$anonfun$compileJava$1$2$$anonfun$apply$mcV$sp$1$$anonfun$apply$6.apply(AggressiveCompile.scala:108)
	at sbt.compiler.AggressiveCompile$$anonfun$3$$anonfun$compileJava$1$2$$anonfun$apply$mcV$sp$1$$anonfun$apply$6.apply(AggressiveCompile.scala:108)
	at sbt.classfile.Analyze$$anonfun$apply$8.apply(Analyze.scala:67)
	at sbt.classfile.Analyze$$anonfun$apply$8.apply(Analyze.scala:43)
	at scala.collection.mutable.HashMap$$anonfun$foreach$1.apply(HashMap.scala:98)
	at scala.collection.mutable.HashMap$$anonfun$foreach$1.apply(HashMap.scala:98)
	at scala.collection.mutable.HashTable$class.foreachEntry(HashTable.scala:226)
	at scala.collection.mutable.HashMap.foreachEntry(HashMap.scala:39)
	at scala.collection.mutable.HashMap.foreach(HashMap.scala:98)
	at sbt.classfile.Analyze$.apply(Analyze.scala:43)
	at sbt.compiler.AggressiveCompile$$anonfun$3$$anonfun$compileJava$1$2$$anonfun$apply$mcV$sp$1.apply(AggressiveCompile.scala:108)
	at sbt.compiler.AggressiveCompile$$anonfun$3$$anonfun$compileJava$1$2$$anonfun$apply$mcV$sp$1.apply(AggressiveCompile.scala:106)
	at scala.collection.immutable.List.foreach(List.scala:309)
	at sbt.compiler.AggressiveCompile$$anonfun$3$$anonfun$compileJava$1$2.apply$mcV$sp(AggressiveCompile.scala:106)
	at sbt.compiler.AggressiveCompile$$anonfun$3$$anonfun$compileJava$1$2.apply(AggressiveCompile.scala:106)
	at sbt.compiler.AggressiveCompile$$anonfun$3$$anonfun$compileJava$1$2.apply(AggressiveCompile.scala:106)
	at sbt.compiler.AggressiveCompile.sbt$compiler$AggressiveCompile$$timed(AggressiveCompile.scala:129)
	at sbt.compiler.AggressiveCompile$$anonfun$3.compileJava$1(AggressiveCompile.scala:105)
	at sbt.compiler.AggressiveCompile$$anonfun$3.apply(AggressiveCompile.scala:112)
	at sbt.compiler.AggressiveCompile$$anonfun$3.apply(AggressiveCompile.scala:60)
	at sbt.inc.IncrementalCompile$$anonfun$doCompile$1.apply(Compile.scala:24)
	at sbt.inc.IncrementalCompile$$anonfun$doCompile$1.apply(Compile.scala:22)
	at sbt.inc.Incremental$.cycle(Incremental.scala:45)
	at sbt.inc.Incremental$.compile(Incremental.scala:29)
	at sbt.inc.IncrementalCompile$.apply(Compile.scala:20)
	at sbt.compiler.AggressiveCompile.compile2(AggressiveCompile.scala:120)
	at sbt.compiler.AggressiveCompile.compile1(AggressiveCompile.scala:44)
	at sbt.compiler.AggressiveCompile.apply(AggressiveCompile.scala:31)
	at sbt.compiler.IC$.compile(IncrementalCompiler.scala:20)
	at scala.tools.eclipse.buildmanager.sbtintegration.EclipseSbtBuildManager.runCompiler(EclipseSbtBuildManager.scala:129)
	at scala.tools.eclipse.buildmanager.sbtintegration.EclipseSbtBuildManager.update(EclipseSbtBuildManager.scala:119)
	at scala.tools.eclipse.buildmanager.sbtintegration.EclipseSbtBuildManager.build(EclipseSbtBuildManager.scala:174)
	at scala.tools.eclipse.ScalaProject.build(ScalaProject.scala:608)
	at scala.tools.eclipse.ScalaBuilder.build(ScalaBuilder.scala:114)
	at org.eclipse.core.internal.events.BuildManager$2.run(BuildManager.java:728)
	at org.eclipse.core.runtime.SafeRunner.run(SafeRunner.java:42)
	at org.eclipse.core.internal.events.BuildManager.basicBuild(BuildManager.java:199)
	at org.eclipse.core.internal.events.BuildManager.basicBuild(BuildManager.java:239)
	at org.eclipse.core.internal.events.BuildManager$1.run(BuildManager.java:292)
	at org.eclipse.core.runtime.SafeRunner.run(SafeRunner.java:42)
	at org.eclipse.core.internal.events.BuildManager.basicBuild(BuildManager.java:295)
	at org.eclipse.core.internal.events.BuildManager.basicBuildLoop(BuildManager.java:351)
	at org.eclipse.core.internal.events.BuildManager.build(BuildManager.java:374)
	at org.eclipse.core.internal.events.AutoBuildJob.doBuild(AutoBuildJob.java:143)
	at org.eclipse.core.internal.events.AutoBuildJob.run(AutoBuildJob.java:241)
	at org.eclipse.core.internal.jobs.Worker.run(Worker.java:53)
Caused by: java.lang.ClassNotFoundException: IOException
	at java.net.URLClassLoader$1.run(URLClassLoader.java:202)
	at java.security.AccessController.doPrivileged(Native Method)
	at java.net.URLClassLoader.findClass(URLClassLoader.java:190)
	at java.lang.ClassLoader.loadClass(ClassLoader.java:306)
	at java.lang.ClassLoader.loadClass(ClassLoader.java:247)
	... 71 more
2013-04-12 23:04:00,715 ERROR [main] - org.scala-ide.sdt.core - org.scala-ide.sdt.core - org.scala-ide.sdt.core - 0 - Error in Scala compiler
java.lang.NoClassDefFoundError: IOException
	at java.lang.Class.getDeclaredMethods0(Native Method)
	at java.lang.Class.privateGetDeclaredMethods(Class.java:2436)
	at java.lang.Class.privateGetPublicMethods(Class.java:2556)
	at java.lang.Class.getMethods(Class.java:1412)
	at sbt.ClassToAPI$.structure(ClassToAPI.scala:60)
	at sbt.ClassToAPI$.x$1$lzycompute$1(ClassToAPI.scala:50)
	at sbt.ClassToAPI$.x$1$1(ClassToAPI.scala:50)
	at sbt.ClassToAPI$.instance$lzycompute$1(ClassToAPI.scala:50)
	at sbt.ClassToAPI$.sbt$ClassToAPI$$instance$1(ClassToAPI.scala:50)
	at sbt.ClassToAPI$$anonfun$5.apply(ClassToAPI.scala:51)
	at sbt.ClassToAPI$$anonfun$5.apply(ClassToAPI.scala:51)
	at xsbti.SafeLazy$Impl._t$lzycompute(SafeLazy.scala:20)
	at xsbti.SafeLazy$Impl._t(SafeLazy.scala:18)
	at xsbti.SafeLazy$Impl.get(SafeLazy.scala:24)
	at xsbti.api.ClassLike.structure(ClassLike.java:29)
	at xsbt.api.Visit.visitClass0(Visit.scala:47)
	at xsbt.api.Visit.visitClass(Visit.scala:42)
	at xsbt.api.Visit.visitDefinition(Visit.scala:35)
	at xsbt.api.Visit$$anonfun$visitAPI$2.apply(Visit.scala:18)
	at xsbt.api.Visit$$anonfun$visitAPI$2.apply(Visit.scala:18)
	at scala.collection.IndexedSeqOptimized$class.foreach(IndexedSeqOptimized.scala:33)
	at scala.collection.mutable.ArrayOps$ofRef.foreach(ArrayOps.scala:105)
	at xsbt.api.Visit.visitAPI(Visit.scala:18)
	at xsbt.api.APIUtil$.hasMacro(APIUtil.scala:22)
	at sbt.inc.AnalysisCallback.api(Compile.scala:125)
	at sbt.compiler.AggressiveCompile$$anonfun$3.sbt$compiler$AggressiveCompile$$anonfun$$readAPI$1(AggressiveCompile.scala:103)
	at sbt.compiler.AggressiveCompile$$anonfun$3$$anonfun$compileJava$1$2$$anonfun$apply$mcV$sp$1$$anonfun$apply$6.apply(AggressiveCompile.scala:108)
	at sbt.compiler.AggressiveCompile$$anonfun$3$$anonfun$compileJava$1$2$$anonfun$apply$mcV$sp$1$$anonfun$apply$6.apply(AggressiveCompile.scala:108)
	at sbt.classfile.Analyze$$anonfun$apply$8.apply(Analyze.scala:67)
	at sbt.classfile.Analyze$$anonfun$apply$8.apply(Analyze.scala:43)
	at scala.collection.mutable.HashMap$$anonfun$foreach$1.apply(HashMap.scala:98)
	at scala.collection.mutable.HashMap$$anonfun$foreach$1.apply(HashMap.scala:98)
	at scala.collection.mutable.HashTable$class.foreachEntry(HashTable.scala:226)
	at scala.collection.mutable.HashMap.foreachEntry(HashMap.scala:39)
	at scala.collection.mutable.HashMap.foreach(HashMap.scala:98)
	at sbt.classfile.Analyze$.apply(Analyze.scala:43)
	at sbt.compiler.AggressiveCompile$$anonfun$3$$anonfun$compileJava$1$2$$anonfun$apply$mcV$sp$1.apply(AggressiveCompile.scala:108)
	at sbt.compiler.AggressiveCompile$$anonfun$3$$anonfun$compileJava$1$2$$anonfun$apply$mcV$sp$1.apply(AggressiveCompile.scala:106)
	at scala.collection.immutable.List.foreach(List.scala:309)
	at sbt.compiler.AggressiveCompile$$anonfun$3$$anonfun$compileJava$1$2.apply$mcV$sp(AggressiveCompile.scala:106)
	at sbt.compiler.AggressiveCompile$$anonfun$3$$anonfun$compileJava$1$2.apply(AggressiveCompile.scala:106)
	at sbt.compiler.AggressiveCompile$$anonfun$3$$anonfun$compileJava$1$2.apply(AggressiveCompile.scala:106)
	at sbt.compiler.AggressiveCompile.sbt$compiler$AggressiveCompile$$timed(AggressiveCompile.scala:129)
	at sbt.compiler.AggressiveCompile$$anonfun$3.compileJava$1(AggressiveCompile.scala:105)
	at sbt.compiler.AggressiveCompile$$anonfun$3.apply(AggressiveCompile.scala:112)
	at sbt.compiler.AggressiveCompile$$anonfun$3.apply(AggressiveCompile.scala:60)
	at sbt.inc.IncrementalCompile$$anonfun$doCompile$1.apply(Compile.scala:24)
	at sbt.inc.IncrementalCompile$$anonfun$doCompile$1.apply(Compile.scala:22)
	at sbt.inc.Incremental$.cycle(Incremental.scala:45)
	at sbt.inc.Incremental$.compile(Incremental.scala:29)
	at sbt.inc.IncrementalCompile$.apply(Compile.scala:20)
	at sbt.compiler.AggressiveCompile.compile2(AggressiveCompile.scala:120)
	at sbt.compiler.AggressiveCompile.compile1(AggressiveCompile.scala:44)
	at sbt.compiler.AggressiveCompile.apply(AggressiveCompile.scala:31)
	at sbt.compiler.IC$.compile(IncrementalCompiler.scala:20)
	at scala.tools.eclipse.buildmanager.sbtintegration.EclipseSbtBuildManager.runCompiler(EclipseSbtBuildManager.scala:129)
	at scala.tools.eclipse.buildmanager.sbtintegration.EclipseSbtBuildManager.update(EclipseSbtBuildManager.scala:119)
	at scala.tools.eclipse.buildmanager.sbtintegration.EclipseSbtBuildManager.build(EclipseSbtBuildManager.scala:174)
	at scala.tools.eclipse.ScalaProject.build(ScalaProject.scala:608)
	at scala.tools.eclipse.ScalaBuilder.build(ScalaBuilder.scala:114)
	at org.eclipse.core.internal.events.BuildManager$2.run(BuildManager.java:728)
	at org.eclipse.core.runtime.SafeRunner.run(SafeRunner.java:42)
	at org.eclipse.core.internal.events.BuildManager.basicBuild(BuildManager.java:199)
	at org.eclipse.core.internal.events.BuildManager.basicBuild(BuildManager.java:239)
	at org.eclipse.core.internal.events.BuildManager$1.run(BuildManager.java:292)
	at org.eclipse.core.runtime.SafeRunner.run(SafeRunner.java:42)
	at org.eclipse.core.internal.events.BuildManager.basicBuild(BuildManager.java:295)
	at org.eclipse.core.internal.events.BuildManager.basicBuildLoop(BuildManager.java:351)
	at org.eclipse.core.internal.events.BuildManager.build(BuildManager.java:374)
	at org.eclipse.core.internal.events.AutoBuildJob.doBuild(AutoBuildJob.java:143)
	at org.eclipse.core.internal.events.AutoBuildJob.run(AutoBuildJob.java:241)
	at org.eclipse.core.internal.jobs.Worker.run(Worker.java:53)
Caused by: java.lang.ClassNotFoundException: IOException
	at java.net.URLClassLoader$1.run(URLClassLoader.java:202)
	at java.security.AccessController.doPrivileged(Native Method)
	at java.net.URLClassLoader.findClass(URLClassLoader.java:190)
	at java.lang.ClassLoader.loadClass(ClassLoader.java:306)
	at java.lang.ClassLoader.loadClass(ClassLoader.java:247)
	... 72 more
